SonarQube plugins:
  - Python Code Quality and Security 2.13.0.7236 (python)
  - SonarCSS 1.2.0.1325 (cssfamily)
  - JaCoCo 1.1.0.898 (jacoco)
  - SonarGo 1.6.0.719 (go)
  - SonarKotlin 1.5.0.315 (kotlin)
  - Svn 1.10.0.1917 (scmsvn)
  - SonarJS 6.2.1.12157 (javascript)
  - SonarRuby 1.5.0.315 (ruby)
  - SonarScala 1.5.0.315 (sonarscala)
  - C# Code Quality and Security 8.9.0.19135 (csharp)
  - Java Code Quality and Security 6.5.1.22586 (java)
  - SonarHTML 3.2.0.2082 (web)
  - Git 1.12.0.2034 (scmgit)
  - SonarFlex 2.5.1.1831 (flex)
  - SonarXML 2.0.1.2020 (xml)
  - PHP Code Quality and Security 3.5.0.5655 (php)
  - SonarTS 2.1.0.4359 (typescript)
  - VB.NET Code Quality and Security 8.9.0.19135 (vbnet)
Global server settings:
  - sonar.core.id=BF41A1F2-AXNlA0X3EY82Y_s_CoSN
  - sonar.core.startTime=2020-09-05T15:23:13-0500
Project server settings:
Project scanner properties:
  - sonar.host.url=http://localhost:9000
  - sonar.java.binaries=D:/Universidad/Cuarto semestre/Estructura de Datos/Proyecto2Parcial/Proyecto2/Proyecto_Arbol_Huffman
  - sonar.projectBaseDir=D:\Universidad\Cuarto semestre\Estructura de Datos\Proyecto2Parcial\Proyecto2\Proyecto_Arbol_Huffman
  - sonar.projectKey=ProyectoArbolHuffman
  - sonar.projectName=ProyectoArbolHuffman
  - sonar.projectVersion=1.0
  - sonar.scanner.app=ScannerCLI
  - sonar.scanner.appVersion=4.4.0.2170
  - sonar.sourceEncoding=windows-1252
  - sonar.sources=D:/Universidad/Cuarto semestre/Estructura de Datos/Proyecto2Parcial/Proyecto2/Proyecto_Arbol_Huffman
  - sonar.working.directory=D:\Universidad\Cuarto semestre\Estructura de Datos\Proyecto2Parcial\Proyecto2\Proyecto_Arbol_Huffman\.scannerwork
